<?xml version="1.0" encoding="UTF-8"?>
<testsuite name="EtlTest" tests="4" skipped="0" failures="0" errors="0" timestamp="2017-11-26T10:57:35" hostname="vishals-MacBook-Air.local" time="0.01">
  <properties/>
  <testcase name="testTransformOneValue" classname="EtlTest" time="0.004"/>
  <testcase name="testTransformMoreValues" classname="EtlTest" time="0.001"/>
  <testcase name="testFullDataset" classname="EtlTest" time="0.002"/>
  <testcase name="testMoreKeys" classname="EtlTest" time="0.001"/>
  <system-out><![CDATA[java.util.Arrays$ArrayList
java.util.Arrays$ArrayList
java.util.Arrays$ArrayList
java.util.Arrays$ArrayList
java.util.Arrays$ArrayList
java.util.Arrays$ArrayList
java.util.Arrays$ArrayList
java.util.Arrays$ArrayList
java.util.Arrays$ArrayList
java.util.Arrays$ArrayList
java.util.Arrays$ArrayList
]]></system-out>
  <system-err><![CDATA[]]></system-err>
</testsuite>
